<?xml version="1.0" encoding="UTF-8"?>
<testng-results ignored="0" total="1" passed="1" failed="0" skipped="0">
  <reporter-output>
  </reporter-output>
  <suite started-at="2020-05-23T19:55:50Z" name="ZestMoney_Assignment" finished-at="2020-05-23T19:56:54Z" duration-ms="64032">
    <groups>
    </groups>
    <test started-at="2020-05-23T19:55:50Z" name="Facebook Post Status Test Cases" finished-at="2020-05-23T19:56:54Z" duration-ms="64032">
      <class name="com.fb.qa.testcases.FacebookPostStatusTest">
        <test-method is-config="true" signature="setUp()[pri:0, instance:com.fb.qa.testcases.FacebookPostStatusTest@5a45133e]" started-at="2020-05-23T19:55:50Z" name="setUp" finished-at="2020-05-23T19:56:10Z" duration-ms="20129" status="PASS">
          <reporter-output>
          </reporter-output>
        </test-method> <!-- setUp -->
        <test-method signature="facebookPostStatus()[pri:0, instance:com.fb.qa.testcases.FacebookPostStatusTest@5a45133e]" started-at="2020-05-23T19:56:10Z" name="facebookPostStatus" finished-at="2020-05-23T19:56:53Z" duration-ms="42459" status="PASS">
          <reporter-output>
          </reporter-output>
        </test-method> <!-- facebookPostStatus -->
        <test-method is-config="true" signature="tearDown()[pri:0, instance:com.fb.qa.testcases.FacebookPostStatusTest@5a45133e]" started-at="2020-05-23T19:56:53Z" name="tearDown" finished-at="2020-05-23T19:56:54Z" duration-ms="1376" status="PASS">
          <reporter-output>
          </reporter-output>
        </test-method> <!-- tearDown -->
      </class> <!-- com.fb.qa.testcases.FacebookPostStatusTest -->
    </test> <!-- Facebook Post Status Test Cases -->
  </suite> <!-- ZestMoney_Assignment -->
</testng-results>
